<?xml version="1.0" encoding="UTF-8"?>
<!-- Generated by org.testng.reporters.JUnitXMLReporter -->
<testsuite ignored="0" hostname="LAPTOP-NQN4P4CA" failures="0" tests="3" name="Default test" time="60.591" errors="0" timestamp="2023-03-20T22:36:51 IST">
  <testcase classname="org.test.ParallelTwo" name="tc7" time="33.04"/>
  <testcase classname="org.test.ParallelTwo" name="tc8" time="21.79"/>
  <testcase classname="org.test.ParallelTwo" name="tc9" time="5.171"/>
</testsuite> <!-- Default test -->
