<?xml version="1.0" encoding="UTF-8"?>
<!-- Generated by org.testng.reporters.JUnitXMLReporter -->
<testsuite ignored="0" hostname="LAPTOP-NQN4P4CA" failures="0" tests="9" name="Test" time="60.813" errors="0" timestamp="2023-03-03T23:42:27 IST">
  <testcase classname="org.test.ParallelOne" name="tc4" time="11.815"/>
  <testcase classname="org.test.Parallel" name="tc1" time="15.4"/>
  <testcase classname="org.test.Parallel" name="tc2" time="6.896"/>
  <testcase classname="org.test.ParallelTwo" name="tc7" time="25.364"/>
  <testcase classname="org.test.Parallel" name="tc3" time="13.788"/>
  <testcase classname="org.test.ParallelOne" name="tc5" time="27.593"/>
  <testcase classname="org.test.ParallelTwo" name="tc8" time="20.301"/>
  <testcase classname="org.test.ParallelTwo" name="tc9" time="11.999"/>
  <testcase classname="org.test.ParallelOne" name="tc6" time="21.309"/>
</testsuite> <!-- Test -->
