<?xml version="1.0" encoding="UTF-8"?>
<testng-results ignored="0" total="3" passed="3" failed="0" skipped="0">
  <reporter-output>
  </reporter-output>
  <suite started-at="2023-03-04T00:39:31 IST" name="Suite" finished-at="2023-03-04T00:40:17 IST" duration-ms="46097">
    <groups>
    </groups>
    <test started-at="2023-03-04T00:39:31 IST" name="chromeTest" finished-at="2023-03-04T00:39:46 IST" duration-ms="14870">
      <class name="org.test.CrossBrowser">
        <test-method signature="tc1(java.lang.String)[pri:0, instance:org.test.CrossBrowser@78123e82]" started-at="2023-03-04T00:39:31 IST" name="tc1" finished-at="2023-03-04T00:39:46 IST" duration-ms="14789" status="PASS">
          <params>
            <param index="0">
              <value>
                <![CDATA[chromebrowser]]>
              </value>
            </param>
          </params>
          <reporter-output>
          </reporter-output>
        </test-method> <!-- tc1 -->
      </class> <!-- org.test.CrossBrowser -->
    </test> <!-- chromeTest -->
    <test started-at="2023-03-04T00:39:31 IST" name="edgeTest" finished-at="2023-03-04T00:40:10 IST" duration-ms="38929">
      <class name="org.test.CrossBrowser">
        <test-method signature="tc1(java.lang.String)[pri:0, instance:org.test.CrossBrowser@12aba8be]" started-at="2023-03-04T00:39:31 IST" name="tc1" finished-at="2023-03-04T00:40:10 IST" duration-ms="38869" status="PASS">
          <params>
            <param index="0">
              <value>
                <![CDATA[Edgebrowser]]>
              </value>
            </param>
          </params>
          <reporter-output>
          </reporter-output>
        </test-method> <!-- tc1 -->
      </class> <!-- org.test.CrossBrowser -->
    </test> <!-- edgeTest -->
    <test started-at="2023-03-04T00:39:31 IST" name="firefoxTest" finished-at="2023-03-04T00:40:17 IST" duration-ms="46097">
      <class name="org.test.CrossBrowser">
        <test-method signature="tc1(java.lang.String)[pri:0, instance:org.test.CrossBrowser@7bab3f1a]" started-at="2023-03-04T00:39:31 IST" name="tc1" finished-at="2023-03-04T00:40:17 IST" duration-ms="46056" status="PASS">
          <params>
            <param index="0">
              <value>
                <![CDATA[Firefoxbrowser]]>
              </value>
            </param>
          </params>
          <reporter-output>
          </reporter-output>
        </test-method> <!-- tc1 -->
      </class> <!-- org.test.CrossBrowser -->
    </test> <!-- firefoxTest -->
  </suite> <!-- Suite -->
</testng-results>
