<?xml version="1.0" encoding="UTF-8"?>
<testng-results ignored="0" total="3" passed="3" failed="0" skipped="0">
  <reporter-output>
  </reporter-output>
  <suite started-at="2023-03-20T22:35:50 IST" name="Default suite" finished-at="2023-03-20T22:36:51 IST" duration-ms="60591">
    <groups>
    </groups>
    <test started-at="2023-03-20T22:35:50 IST" name="Default test" finished-at="2023-03-20T22:36:51 IST" duration-ms="60591">
      <class name="org.test.ParallelTwo">
        <test-method signature="tc7()[pri:0, instance:org.test.ParallelTwo@6a84a97d]" started-at="2023-03-20T22:35:51 IST" name="tc7" finished-at="2023-03-20T22:36:24 IST" duration-ms="33040" status="PASS">
          <reporter-output>
          </reporter-output>
        </test-method> <!-- tc7 -->
        <test-method signature="tc8()[pri:0, instance:org.test.ParallelTwo@6a84a97d]" started-at="2023-03-20T22:36:24 IST" name="tc8" finished-at="2023-03-20T22:36:46 IST" duration-ms="21790" status="PASS">
          <reporter-output>
          </reporter-output>
        </test-method> <!-- tc8 -->
        <test-method signature="tc9()[pri:0, instance:org.test.ParallelTwo@6a84a97d]" started-at="2023-03-20T22:36:46 IST" name="tc9" finished-at="2023-03-20T22:36:51 IST" duration-ms="5171" status="PASS">
          <reporter-output>
          </reporter-output>
        </test-method> <!-- tc9 -->
      </class> <!-- org.test.ParallelTwo -->
    </test> <!-- Default test -->
  </suite> <!-- Default suite -->
</testng-results>
